core file size          (blocks, -c) 0
data seg size           (kbytes, -d) unlimited
scheduling priority             (-e) 0
file size               (blocks, -f) unlimited
pending signals                 (-i) 515236
max locked memory       (kbytes, -l) unlimited
max memory size         (kbytes, -m) unlimited
open files                      (-n) 2400
pipe size            (512 bytes, -p) 8
POSIX message queues     (bytes, -q) 819200
real-time priority              (-r) 0
stack size              (kbytes, -s) unlimited
cpu time               (seconds, -t) unlimited
max user processes              (-u) 515236
virtual memory          (kbytes, -v) unlimited
file locks                      (-x) unlimited

Altair Feko - RUNFEKO Version 2018.2.1-12 from 2018-10-19
          Copyright (c) 1999-2014 Altair Development S.A. (Pty) Ltd
          Copyright (c) 2014-2018 Altair Engineering, Inc.


ERROR  20006:
File "tuning_4.pre" or "tuning_4.fek" not found (possibly also no "tuning_4.cfx" available)

